build/app/intermediates/manifest_merge_blame_file/release/manifest-merger-blame-release-report.txt
1<?xml version="1.0" encoding="utf-8"?>
2<manifest xmlns:android="http://schemas.android.com/apk/res/android"
3    package="com.flutter.flutter_app_vibrator_strong"
4    android:versionCode="1"
5    android:versionName="1.0.0" >
6
7    <uses-sdk
8        android:minSdkVersion="16"
8-->src/main/AndroidManifest.xml
9        android:targetSdkVersion="29" />
9-->src/main/AndroidManifest.xml
10
11    <uses-permission android:name="android.permission.VIBRATE" /> <!-- Required permission for App measurement to run. -->
11-->[:vibration] AndroidManifest.xml:7:5-66
11-->[:vibration] AndroidManifest.xml:7:22-63
12    <uses-permission android:name="android.permission.INTERNET" />
12-->[com.google.android.gms:play-services-measurement:18.0.2] AndroidManifest.xml:23:5-67
12-->[com.google.android.gms:play-services-measurement:18.0.2] AndroidManifest.xml:23:22-64
13    <uses-permission android:name="android.permission.ACCESS_NETWORK_STATE" />
13-->[com.google.android.gms:play-services-measurement:18.0.2] AndroidManifest.xml:24:5-79
13-->[com.google.android.gms:play-services-measurement:18.0.2] AndroidManifest.xml:24:22-76
14    <uses-permission android:name="android.permission.WAKE_LOCK" />
14-->[com.google.android.gms:play-services-measurement:18.0.2] AndroidManifest.xml:25:5-68
14-->[com.google.android.gms:play-services-measurement:18.0.2] AndroidManifest.xml:25:22-65
15    <uses-permission android:name="com.google.android.finsky.permission.BIND_GET_INSTALL_REFERRER_SERVICE" />
15-->[com.google.android.gms:play-services-measurement:18.0.2] AndroidManifest.xml:26:5-110
15-->[com.google.android.gms:play-services-measurement:18.0.2] AndroidManifest.xml:26:22-107
16    <!--
17 io.flutter.app.FlutterApplication is an android.app.Application that
18         calls FlutterMain.startInitialization(this); in its onCreate method.
19         In most cases you can leave this as-is, but you if you want to provide
20         additional functionality it is fine to subclass or reimplement
21         FlutterApplication and put your custom class here.
22    -->
23    <application
23-->src/main/AndroidManifest.xml:8:5-46:19
24        android:name="io.flutter.app.FlutterApplication"
24-->src/main/AndroidManifest.xml:9:9-57
25        android:appComponentFactory="androidx.core.app.CoreComponentFactory"
25-->[androidx.core:core:1.1.0] AndroidManifest.xml:24:18-86
26        android:icon="@drawable/ic_app"
26-->src/main/AndroidManifest.xml:11:9-40
27        android:label="flutter_app_vibrator_strong"
27-->src/main/AndroidManifest.xml:10:9-52
28        android:supportsRtl="true" >
28-->[com.facebook.android:facebook-share:5.9.0] AndroidManifest.xml:28:18-44
29        <activity
29-->src/main/AndroidManifest.xml:12:9-40:20
30            android:name="com.flutter.flutter_app_vibrator_strong.MainActivity"
30-->src/main/AndroidManifest.xml:13:13-41
31            android:configChanges="orientation|keyboardHidden|keyboard|screenSize|smallestScreenSize|locale|layoutDirection|fontScale|screenLayout|density|uiMode"
31-->src/main/AndroidManifest.xml:16:13-163
32            android:hardwareAccelerated="true"
32-->src/main/AndroidManifest.xml:17:13-47
33            android:launchMode="singleTop"
33-->src/main/AndroidManifest.xml:14:13-43
34            android:theme="@style/LaunchTheme"
34-->src/main/AndroidManifest.xml:15:13-47
35            android:windowSoftInputMode="adjustResize" >
35-->src/main/AndroidManifest.xml:18:13-55
36
37            <!--
38                 Specifies an Android theme to apply to this Activity as soon as
39                 the Android process has started. This theme is visible to the user
40                 while the Flutter UI initializes. After that, this theme continues
41                 to determine the Window background behind the Flutter UI.
42            -->
43            <meta-data
43-->src/main/AndroidManifest.xml:23:13-26:17
44                android:name="io.flutter.embedding.android.NormalTheme"
44-->src/main/AndroidManifest.xml:24:15-70
45                android:resource="@style/NormalTheme" />
45-->src/main/AndroidManifest.xml:25:15-52
46            <!--
47                 Displays an Android View that continues showing the launch screen
48                 Drawable until Flutter paints its first frame, then this splash
49                 screen fades out. A splash screen is useful to avoid any visual
50                 gap between the end of Android's launch screen and the painting of
51                 Flutter's first frame.
52            -->
53            <meta-data
53-->src/main/AndroidManifest.xml:32:13-35:17
54                android:name="io.flutter.embedding.android.SplashScreenDrawable"
54-->src/main/AndroidManifest.xml:33:15-79
55                android:resource="@drawable/launch_background" />
55-->src/main/AndroidManifest.xml:34:15-61
56
57            <intent-filter>
57-->src/main/AndroidManifest.xml:36:13-39:29
58                <action android:name="android.intent.action.MAIN" />
58-->src/main/AndroidManifest.xml:37:17-68
58-->src/main/AndroidManifest.xml:37:25-66
59
60                <category android:name="android.intent.category.LAUNCHER" />
60-->src/main/AndroidManifest.xml:38:17-76
60-->src/main/AndroidManifest.xml:38:27-74
61            </intent-filter>
62        </activity>
63        <!--
64             Don't delete the meta-data below.
65             This is used by the Flutter tool to generate GeneratedPluginRegistrant.java
66        -->
67        <meta-data
67-->src/main/AndroidManifest.xml:43:9-45:33
68            android:name="flutterEmbedding"
68-->src/main/AndroidManifest.xml:44:13-44
69            android:value="2" />
69-->src/main/AndroidManifest.xml:45:13-30
70
71        <activity
71-->[:url_launcher] AndroidManifest.xml:8:9-11:74
72            android:name="io.flutter.plugins.urllauncher.UrlLauncherPlugin$WebViewActivity"
72-->[:url_launcher] AndroidManifest.xml:9:13-92
73            android:exported="false"
73-->[:url_launcher] AndroidManifest.xml:10:13-37
74            android:theme="@android:style/Theme.NoTitleBar.Fullscreen" />
74-->[:url_launcher] AndroidManifest.xml:11:13-71
75        <activity
75-->[com.karumi:dexter:6.2.0] AndroidManifest.xml:27:9-29:72
76            android:name="com.karumi.dexter.DexterActivity"
76-->[com.karumi:dexter:6.2.0] AndroidManifest.xml:28:13-60
77            android:theme="@style/Dexter.Internal.Theme.Transparent" />
77-->[com.karumi:dexter:6.2.0] AndroidManifest.xml:29:13-69
78        <activity
78-->[com.facebook.android:facebook-common:5.9.0] AndroidManifest.xml:29:9-32:66
79            android:name="com.facebook.FacebookActivity"
79-->[com.facebook.android:facebook-common:5.9.0] AndroidManifest.xml:30:13-57
80            android:configChanges="keyboard|keyboardHidden|screenLayout|screenSize|orientation"
80-->[com.facebook.android:facebook-common:5.9.0] AndroidManifest.xml:31:13-96
81            android:theme="@style/com_facebook_activity_theme" />
81-->[com.facebook.android:facebook-common:5.9.0] AndroidManifest.xml:32:13-63
82        <activity android:name="com.facebook.CustomTabMainActivity" />
82-->[com.facebook.android:facebook-common:5.9.0] AndroidManifest.xml:33:9-71
82-->[com.facebook.android:facebook-common:5.9.0] AndroidManifest.xml:33:19-68
83        <activity android:name="com.facebook.CustomTabActivity" />
83-->[com.facebook.android:facebook-common:5.9.0] AndroidManifest.xml:34:9-67
83-->[com.facebook.android:facebook-common:5.9.0] AndroidManifest.xml:34:19-64
84        <!--
85         The initialization ContentProvider will call FacebookSdk.sdkInitialize automatically
86         with the application context. This config is merged in with the host app's manifest,
87         but there can only be one provider with the same authority activated at any given
88         point; so if the end user has two or more different apps that use Facebook SDK, only the
89         first one will be able to use the provider. To work around this problem, we use the
90         following placeholder in the authority to identify each host application as if it was
91         a completely different provider.
92        -->
93        <provider
93-->[com.facebook.android:facebook-core:5.9.0] AndroidManifest.xml:39:9-42:40
94            android:name="com.facebook.internal.FacebookInitProvider"
94-->[com.facebook.android:facebook-core:5.9.0] AndroidManifest.xml:40:13-70
95            android:authorities="com.flutter.flutter_app_vibrator_strong.FacebookInitProvider"
95-->[com.facebook.android:facebook-core:5.9.0] AndroidManifest.xml:41:13-72
96            android:exported="false" />
96-->[com.facebook.android:facebook-core:5.9.0] AndroidManifest.xml:42:13-37
97
98        <receiver
98-->[com.facebook.android:facebook-core:5.9.0] AndroidManifest.xml:44:9-50:20
99            android:name="com.facebook.CurrentAccessTokenExpirationBroadcastReceiver"
99-->[com.facebook.android:facebook-core:5.9.0] AndroidManifest.xml:45:13-86
100            android:exported="false" >
100-->[com.facebook.android:facebook-core:5.9.0] AndroidManifest.xml:46:13-37
101            <intent-filter>
101-->[com.facebook.android:facebook-core:5.9.0] AndroidManifest.xml:47:13-49:29
102                <action android:name="com.facebook.sdk.ACTION_CURRENT_ACCESS_TOKEN_CHANGED" />
102-->[com.facebook.android:facebook-core:5.9.0] AndroidManifest.xml:48:17-95
102-->[com.facebook.android:facebook-core:5.9.0] AndroidManifest.xml:48:25-92
103            </intent-filter>
104        </receiver>
105        <receiver
105-->[com.facebook.android:facebook-core:5.9.0] AndroidManifest.xml:51:9-58:20
106            android:name="com.facebook.CampaignTrackingReceiver"
106-->[com.facebook.android:facebook-core:5.9.0] AndroidManifest.xml:52:13-65
107            android:exported="true"
107-->[com.facebook.android:facebook-core:5.9.0] AndroidManifest.xml:53:13-36
108            android:permission="android.permission.INSTALL_PACKAGES" >
108-->[com.facebook.android:facebook-core:5.9.0] AndroidManifest.xml:54:13-69
109            <intent-filter>
109-->[com.facebook.android:facebook-core:5.9.0] AndroidManifest.xml:55:13-57:29
110                <action android:name="com.android.vending.INSTALL_REFERRER" />
110-->[com.facebook.android:facebook-core:5.9.0] AndroidManifest.xml:56:17-79
110-->[com.facebook.android:facebook-core:5.9.0] AndroidManifest.xml:56:25-76
111            </intent-filter>
112        </receiver>
113        <receiver
113-->[com.google.android.gms:play-services-measurement:18.0.2] AndroidManifest.xml:29:9-33:20
114            android:name="com.google.android.gms.measurement.AppMeasurementReceiver"
114-->[com.google.android.gms:play-services-measurement:18.0.2] AndroidManifest.xml:30:13-85
115            android:enabled="true"
115-->[com.google.android.gms:play-services-measurement:18.0.2] AndroidManifest.xml:31:13-35
116            android:exported="false" >
116-->[com.google.android.gms:play-services-measurement:18.0.2] AndroidManifest.xml:32:13-37
117        </receiver>
118
119        <service
119-->[com.google.android.gms:play-services-measurement:18.0.2] AndroidManifest.xml:35:9-38:40
120            android:name="com.google.android.gms.measurement.AppMeasurementService"
120-->[com.google.android.gms:play-services-measurement:18.0.2] AndroidManifest.xml:36:13-84
121            android:enabled="true"
121-->[com.google.android.gms:play-services-measurement:18.0.2] AndroidManifest.xml:37:13-35
122            android:exported="false" />
122-->[com.google.android.gms:play-services-measurement:18.0.2] AndroidManifest.xml:38:13-37
123        <service
123-->[com.google.android.gms:play-services-measurement:18.0.2] AndroidManifest.xml:39:9-43:72
124            android:name="com.google.android.gms.measurement.AppMeasurementJobService"
124-->[com.google.android.gms:play-services-measurement:18.0.2] AndroidManifest.xml:40:13-87
125            android:enabled="true"
125-->[com.google.android.gms:play-services-measurement:18.0.2] AndroidManifest.xml:41:13-35
126            android:exported="false"
126-->[com.google.android.gms:play-services-measurement:18.0.2] AndroidManifest.xml:42:13-37
127            android:permission="android.permission.BIND_JOB_SERVICE" />
127-->[com.google.android.gms:play-services-measurement:18.0.2] AndroidManifest.xml:43:13-69
128        <service
128-->[com.google.android.gms:play-services-measurement-api:18.0.2] AndroidManifest.xml:27:9-33:19
129            android:name="com.google.firebase.components.ComponentDiscoveryService"
129-->[com.google.android.gms:play-services-measurement-api:18.0.2] AndroidManifest.xml:28:13-84
130            android:directBootAware="true"
130-->[com.google.firebase:firebase-common:19.5.0] AndroidManifest.xml:35:13-43
131            android:exported="false" >
131-->[com.google.android.gms:play-services-measurement-api:18.0.2] AndroidManifest.xml:29:13-37
132            <meta-data
132-->[com.google.android.gms:play-services-measurement-api:18.0.2] AndroidManifest.xml:30:13-32:85
133                android:name="com.google.firebase.components:com.google.firebase.analytics.connector.internal.AnalyticsConnectorRegistrar"
133-->[com.google.android.gms:play-services-measurement-api:18.0.2] AndroidManifest.xml:31:17-139
134                android:value="com.google.firebase.components.ComponentRegistrar" />
134-->[com.google.android.gms:play-services-measurement-api:18.0.2] AndroidManifest.xml:32:17-82
135            <meta-data
135-->[com.google.firebase:firebase-installations:16.3.5] AndroidManifest.xml:18:13-20:85
136                android:name="com.google.firebase.components:com.google.firebase.installations.FirebaseInstallationsRegistrar"
136-->[com.google.firebase:firebase-installations:16.3.5] AndroidManifest.xml:19:17-127
137                android:value="com.google.firebase.components.ComponentRegistrar" />
137-->[com.google.firebase:firebase-installations:16.3.5] AndroidManifest.xml:20:17-82
138            <!--
139                This registrar is not defined in the dynamic-module-support sdk itself to allow non-firebase
140                clients to use it as well, by defining this registrar in their own core/common library.
141            -->
142            <meta-data
142-->[com.google.firebase:firebase-common:19.5.0] AndroidManifest.xml:43:13-45:85
143                android:name="com.google.firebase.components:com.google.firebase.dynamicloading.DynamicLoadingRegistrar"
143-->[com.google.firebase:firebase-common:19.5.0] AndroidManifest.xml:44:17-121
144                android:value="com.google.firebase.components.ComponentRegistrar" />
144-->[com.google.firebase:firebase-common:19.5.0] AndroidManifest.xml:45:17-82
145        </service>
146
147        <provider
147-->[com.google.firebase:firebase-common:19.5.0] AndroidManifest.xml:26:9-31:39
148            android:name="com.google.firebase.provider.FirebaseInitProvider"
148-->[com.google.firebase:firebase-common:19.5.0] AndroidManifest.xml:27:13-77
149            android:authorities="com.flutter.flutter_app_vibrator_strong.firebaseinitprovider"
149-->[com.google.firebase:firebase-common:19.5.0] AndroidManifest.xml:28:13-72
150            android:directBootAware="true"
150-->[com.google.firebase:firebase-common:19.5.0] AndroidManifest.xml:29:13-43
151            android:exported="false"
151-->[com.google.firebase:firebase-common:19.5.0] AndroidManifest.xml:30:13-37
152            android:initOrder="100" />
152-->[com.google.firebase:firebase-common:19.5.0] AndroidManifest.xml:31:13-36
153
154        <meta-data
154-->[com.google.android.gms:play-services-basement:17.0.0] AndroidManifest.xml:23:9-25:69
155            android:name="com.google.android.gms.version"
155-->[com.google.android.gms:play-services-basement:17.0.0] AndroidManifest.xml:24:13-58
156            android:value="@integer/google_play_services_version" />
156-->[com.google.android.gms:play-services-basement:17.0.0] AndroidManifest.xml:25:13-66
157    </application>
158
159</manifest>